   0.00000000       0.00000000    
  0.516784370       4.30653654E-02
   1.03356874       4.30653617E-02
   1.50728726       4.30653654E-02
   2.02407098       4.30653654E-02
   2.54085469       4.30653691E-02
   3.01457310       4.30653654E-02
   3.53135681       4.30653617E-02
   4.00507545       4.30653654E-02
   4.52186203       4.30653691E-02
   5.03864861       4.30653617E-02
   5.51236963       4.30653691E-02
   6.02915621       4.30653654E-02
   6.50287724       4.30653654E-02
   7.01966381       4.30653691E-02
   7.53645039       4.30653617E-02
   8.01017094       4.30653691E-02
   8.52695179       4.30653617E-02
   9.00066757       4.30653617E-02
   9.51744843       4.30653691E-02
   10.0342293       4.30653691E-02
   10.5079451       4.30653617E-02
   11.0247259       4.30653691E-02
   11.5415068       4.30653654E-02
   12.0152225       4.30653691E-02
   12.5320034       4.30653617E-02
   13.0057192       4.30653654E-02
   13.5225000       4.30653654E-02
   14.0392809       4.30653654E-02
   14.5129967       4.30653691E-02
   15.0297775       4.30653654E-02
   15.5034933       4.30653617E-02
   16.0202751       4.30653654E-02
   16.5370674       4.30653691E-02
   17.0107937       4.30653617E-02
   17.5275860       4.30653617E-02
   18.0013123       4.30653654E-02
   18.5181046       4.30653729E-02
   19.0348969       4.30653617E-02
   19.5086231       4.30653617E-02
   20.0254154       4.30653691E-02
   20.5422077       4.30653617E-02
   21.0159340       4.30653617E-02
   21.5327263       4.30653654E-02
   22.0064526       4.30653691E-02
   22.5232449       4.30653617E-02
   23.0400372       4.30653691E-02
   23.5137634       4.30653691E-02
   24.0305557       4.30653617E-02
   24.5042820       4.30653691E-02
   25.0210743       4.30653691E-02
   25.5378666       4.30653617E-02
   26.0115929       4.30653691E-02
   26.5283852       4.30653691E-02
   27.0021114       4.30653617E-02
   27.5189037       4.30653617E-02
   28.0356960       4.30653691E-02
   28.5094223       4.30653691E-02
   29.0262146       4.30653617E-02
   29.5430069       4.30653617E-02
   30.0167332       4.30653766E-02
   30.5335255       4.30653691E-02
   31.0072517       4.30653542E-02
   31.5240440       4.30653691E-02
   32.0408363       4.30653729E-02
   32.5145416       4.30653617E-02
   33.0313110       4.30653691E-02
   33.5050163       4.30653691E-02
   34.0217857       4.30653542E-02
   34.5385551       4.30653691E-02
   35.0122604       4.30653766E-02
   35.5290298       4.30653654E-02
   36.0027351       4.30653617E-02
   36.5195045       4.30653617E-02
   37.0362740       4.30653617E-02
   37.5099792       4.30653729E-02
   38.0267487       4.30653766E-02
   38.5004539       4.30653617E-02
   39.0172234       4.30653505E-02
   39.5339928       4.30653729E-02
   40.0076981       4.30653803E-02
   40.5244675       4.30653580E-02
   41.0412369       4.30653580E-02
   41.5149422       4.30653766E-02
   42.0317116       4.30653729E-02
   42.5054169       4.30653542E-02
   43.0221863       4.30653617E-02
   43.5389557       4.30653729E-02
   44.0126610       4.30653691E-02
   44.5294304       4.30653617E-02
   45.0031357       4.30653617E-02
   45.5199051       4.30653691E-02
   46.0366745       4.30653617E-02
   46.5103798       4.30653654E-02
   47.0271492       4.30653654E-02
   47.5008545       4.30653654E-02
   48.0176239       4.30653617E-02
   48.5343933       4.30653691E-02
   49.0080986       4.30653654E-02
   49.5248680       4.30653542E-02
   50.0416374       4.30653542E-02
   50.5153427       4.30653580E-02
   51.0321121       4.30653505E-02
   51.5058174       4.30653356E-02
   52.0225868       4.30653244E-02
   52.5393562       4.30653170E-02
   53.0130615       4.30653058E-02
   53.5298309       4.30652872E-02
   54.0035362       4.30652536E-02
   54.5203056       4.30652089E-02
   55.0370750       4.30651568E-02
   55.5107803       4.30650972E-02
   56.0275497       4.30650264E-02
   56.5012550       4.30649333E-02
   57.0180244       4.30647954E-02
   57.5347939       4.30646315E-02
   58.0084991       4.30644639E-02
   58.5252686       4.30642404E-02
   59.0420380       4.30639572E-02
   59.5157433       4.30636629E-02
   60.0325127       4.30632904E-02
   60.5062180       4.30628955E-02
   61.0229874       4.30623740E-02
   61.5397224       4.30617370E-02
   62.0133858       4.30610031E-02
   62.5301094       4.30599079E-02
   63.0037727       4.30584662E-02
   63.5204506       4.30560969E-02
   64.0371017       4.30526957E-02
   64.5106735       4.30485234E-02
   65.0272141       4.30414416E-02
   65.5006104       4.30326611E-02
   66.0169449       4.30221930E-02
   66.5328979       4.29821610E-02
   67.0057144       4.29897271E-02
   67.5217819       4.30192500E-02
   68.0383453       4.30685058E-02
   68.5119858       4.30491082E-02
   69.0285263       4.30440158E-02
   69.5020599       4.30439673E-02
   70.0183716       4.30179313E-02
   70.5346146       4.30242606E-02
   71.0078659       4.30261865E-02
   71.5242538       4.30373996E-02
   72.0407867       4.30499651E-02
   72.5143661       4.30541076E-02
   73.0309982       4.30523492E-02
   73.5045319       4.30445634E-02
   74.0210037       4.30354439E-02
   74.5373840       4.30311635E-02
   75.0107117       4.30334769E-02
   75.5271759       4.30433750E-02
   76.0007401       4.30582613E-02
   76.5174637       4.30599190E-02
   77.0341873       4.30586226E-02
   77.5078506       4.30593453E-02
   78.0245743       4.30590995E-02
   78.5412979       4.30600494E-02
   79.0149612       4.30618711E-02
   79.5316544       4.30506319E-02
